# JRE version: Java(TM) SE Runtime Environment (8.0_321-b07) (build 1.8.0_321-b07)
# Java VM: Java HotSpot(TM) 64-Bit Server VM (25.321-b07 mixed mode windows-amd64 compressed oops)
Heap:
 PSYoungGen      total 136192K, used 65381K [0x00000000d6200000, 0x00000000dec00000, 0x0000000100000000)
  eden space 131072K, 49% used [0x00000000d6200000,0x00000000da1d9618,0x00000000de200000)
  from space 5120K, 0% used [0x00000000de200000,0x00000000de200000,0x00000000de700000)
  to   space 5120K, 0% used [0x00000000de700000,0x00000000de700000,0x00000000dec00000)
 ParOldGen       total 67584K, used 14167K [0x0000000082600000, 0x0000000086800000, 0x00000000d6200000)
  object space 67584K, 20% used [0x0000000082600000,0x00000000833d5dd8,0x0000000086800000)
 Metaspace       used 24260K, capacity 24982K, committed 25136K, reserved 1071104K
  class space    used 2834K, capacity 2996K, committed 3120K, reserved 1048576K
GC Heap History (10 events):
Event: 2.885 GC heap before
{Heap before GC invocations=2 (full 0):
 PSYoungGen      total 37888K, used 37871K [0x00000000d6200000, 0x00000000dac00000, 0x0000000100000000)
  eden space 32768K, 100% used [0x00000000d6200000,0x00000000d8200000,0x00000000d8200000)
  from space 5120K, 99% used [0x00000000d8200000,0x00000000d86fbf18,0x00000000d8700000)
  to   space 5120K, 0% used [0x00000000da700000,0x00000000da700000,0x00000000dac00000)
 ParOldGen       total 86016K, used 780K [0x0000000082600000, 0x0000000087a00000, 0x00000000d6200000)
  object space 86016K, 0% used [0x0000000082600000,0x00000000826c32d0,0x0000000087a00000)
 Metaspace       used 12105K, capacity 12212K, committed 12416K, reserved 1060864K
  class space    used 1512K, capacity 1574K, committed 1664K, reserved 1048576K
Event: 2.896 GC heap after
Heap after GC invocations=2 (full 0):
 PSYoungGen      total 70656K, used 5113K [0x00000000d6200000, 0x00000000dac00000, 0x0000000100000000)
  eden space 65536K, 0% used [0x00000000d6200000,0x00000000d6200000,0x00000000da200000)
  from space 5120K, 99% used [0x00000000da700000,0x00000000dabfe598,0x00000000dac00000)
  to   space 5120K, 0% used [0x00000000da200000,0x00000000da200000,0x00000000da700000)
 ParOldGen       total 86016K, used 3549K [0x0000000082600000, 0x0000000087a00000, 0x00000000d6200000)
  object space 86016K, 4% used [0x0000000082600000,0x0000000082977500,0x0000000087a00000)
 Metaspace       used 12105K, capacity 12212K, committed 12416K, reserved 1060864K
  class space    used 1512K, capacity 1574K, committed 1664K, reserved 1048576K
}
Event: 5.250 GC heap before
{Heap before GC invocations=3 (full 0):
 PSYoungGen      total 70656K, used 70649K [0x00000000d6200000, 0x00000000dac00000, 0x0000000100000000)
  eden space 65536K, 100% used [0x00000000d6200000,0x00000000da200000,0x00000000da200000)
  from space 5120K, 99% used [0x00000000da700000,0x00000000dabfe598,0x00000000dac00000)
  to   space 5120K, 0% used [0x00000000da200000,0x00000000da200000,0x00000000da700000)
 ParOldGen       total 86016K, used 3549K [0x0000000082600000, 0x0000000087a00000, 0x00000000d6200000)
  object space 86016K, 4% used [0x0000000082600000,0x0000000082977500,0x0000000087a00000)
 Metaspace       used 15609K, capacity 15904K, committed 16128K, reserved 1062912K
  class space    used 1859K, capacity 1978K, committed 2048K, reserved 1048576K
Event: 5.285 GC heap after
Heap after GC invocations=3 (full 0):
 PSYoungGen      total 70656K, used 5104K [0x00000000d6200000, 0x00000000dec00000, 0x0000000100000000)
  eden space 65536K, 0% used [0x00000000d6200000,0x00000000d6200000,0x00000000da200000)
  from space 5120K, 99% used [0x00000000da200000,0x00000000da6fc060,0x00000000da700000)
  to   space 5120K, 0% used [0x00000000de700000,0x00000000de700000,0x00000000dec00000)
 ParOldGen       total 86016K, used 11709K [0x0000000082600000, 0x0000000087a00000, 0x00000000d6200000)
  object space 86016K, 13% used [0x0000000082600000,0x000000008316f610,0x0000000087a00000)
 Metaspace       used 15609K, capacity 15904K, committed 16128K, reserved 1062912K
  class space    used 1859K, capacity 1978K, committed 2048K, reserved 1048576K
}
Event: 8.484 GC heap before
{Heap before GC invocations=4 (full 0):
 PSYoungGen      total 70656K, used 70640K [0x00000000d6200000, 0x00000000dec00000, 0x0000000100000000)
  eden space 65536K, 100% used [0x00000000d6200000,0x00000000da200000,0x00000000da200000)
  from space 5120K, 99% used [0x00000000da200000,0x00000000da6fc060,0x00000000da700000)
  to   space 5120K, 0% used [0x00000000de700000,0x00000000de700000,0x00000000dec00000)
 ParOldGen       total 86016K, used 11709K [0x0000000082600000, 0x0000000087a00000, 0x00000000d6200000)
  object space 86016K, 13% used [0x0000000082600000,0x000000008316f610,0x0000000087a00000)
 Metaspace       used 19644K, capacity 20242K, committed 20480K, reserved 1067008K
  class space    used 2269K, capacity 2440K, committed 2560K, reserved 1048576K
Event: 8.500 GC heap after
Heap after GC invocations=4 (full 0):
 PSYoungGen      total 136192K, used 5104K [0x00000000d6200000, 0x00000000dec00000, 0x0000000100000000)
  eden space 131072K, 0% used [0x00000000d6200000,0x00000000d6200000,0x00000000de200000)
  from space 5120K, 99% used [0x00000000de700000,0x00000000debfc040,0x00000000dec00000)
  to   space 5120K, 0% used [0x00000000de200000,0x00000000de200000,0x00000000de700000)
 ParOldGen       total 86016K, used 16697K [0x0000000082600000, 0x0000000087a00000, 0x00000000d6200000)
  object space 86016K, 19% used [0x0000000082600000,0x000000008364e7e8,0x0000000087a00000)
 Metaspace       used 19644K, capacity 20242K, committed 20480K, reserved 1067008K
  class space    used 2269K, capacity 2440K, committed 2560K, reserved 1048576K
}
Event: 8.648 GC heap before
{Heap before GC invocations=5 (full 0):
 PSYoungGen      total 136192K, used 10643K [0x00000000d6200000, 0x00000000dec00000, 0x0000000100000000)
  eden space 131072K, 4% used [0x00000000d6200000,0x00000000d6768f00,0x00000000de200000)
  from space 5120K, 99% used [0x00000000de700000,0x00000000debfc040,0x00000000dec00000)
  to   space 5120K, 0% used [0x00000000de200000,0x00000000de200000,0x00000000de700000)
 ParOldGen       total 86016K, used 16697K [0x0000000082600000, 0x0000000087a00000, 0x00000000d6200000)
  object space 86016K, 19% used [0x0000000082600000,0x000000008364e7e8,0x0000000087a00000)
 Metaspace       used 20628K, capacity 21234K, committed 21296K, reserved 1069056K
  class space    used 2413K, capacity 2600K, committed 2608K, reserved 1048576K
Event: 8.663 GC heap after
Heap after GC invocations=5 (full 0):
 PSYoungGen      total 136192K, used 5105K [0x00000000d6200000, 0x00000000dec00000, 0x0000000100000000)
  eden space 131072K, 0% used [0x00000000d6200000,0x00000000d6200000,0x00000000de200000)
  from space 5120K, 99% used [0x00000000de200000,0x00000000de6fc550,0x00000000de700000)
  to   space 5120K, 0% used [0x00000000de700000,0x00000000de700000,0x00000000dec00000)
 ParOldGen       total 86016K, used 17290K [0x0000000082600000, 0x0000000087a00000, 0x00000000d6200000)
  object space 86016K, 20% used [0x0000000082600000,0x00000000836e2828,0x0000000087a00000)
 Metaspace       used 20628K, capacity 21234K, committed 21296K, reserved 1069056K
  class space    used 2413K, capacity 2600K, committed 2608K, reserved 1048576K
}
Event: 8.664 GC heap before
{Heap before GC invocations=6 (full 1):
 PSYoungGen      total 136192K, used 5105K [0x00000000d6200000, 0x00000000dec00000, 0x0000000100000000)
  eden space 131072K, 0% used [0x00000000d6200000,0x00000000d6200000,0x00000000de200000)
  from space 5120K, 99% used [0x00000000de200000,0x00000000de6fc550,0x00000000de700000)
  to   space 5120K, 0% used [0x00000000de700000,0x00000000de700000,0x00000000dec00000)
 ParOldGen       total 86016K, used 17290K [0x0000000082600000, 0x0000000087a00000, 0x00000000d6200000)
  object space 86016K, 20% used [0x0000000082600000,0x00000000836e2828,0x0000000087a00000)
 Metaspace       used 20628K, capacity 21234K, committed 21296K, reserved 1069056K
  class space    used 2413K, capacity 2600K, committed 2608K, reserved 1048576K
Event: 8.793 GC heap after
Heap after GC invocations=6 (full 1):
 PSYoungGen      total 136192K, used 0K [0x00000000d6200000, 0x00000000dec00000, 0x0000000100000000)
  eden space 131072K, 0% used [0x00000000d6200000,0x00000000d6200000,0x00000000de200000)
  from space 5120K, 0% used [0x00000000de200000,0x00000000de200000,0x00000000de700000)
  to   space 5120K, 0% used [0x00000000de700000,0x00000000de700000,0x00000000dec00000)
 ParOldGen       total 67584K, used 14167K [0x0000000082600000, 0x0000000086800000, 0x00000000d6200000)
  object space 67584K, 20% used [0x0000000082600000,0x00000000833d5dd8,0x0000000086800000)
 Metaspace       used 20628K, capacity 21234K, committed 21296K, reserved 1069056K
  class space    used 2413K, capacity 2600K, committed 2608K, reserved 1048576K
}

