# JRE version: Java(TM) SE Runtime Environment (8.0_321-b07) (build 1.8.0_321-b07)
# Java VM: Java HotSpot(TM) 64-Bit Server VM (25.321-b07 mixed mode windows-amd64 compressed oops)
Heap:
 PSYoungGen      total 121344K, used 59705K [0x00000000d6200000, 0x00000000de700000, 0x0000000100000000)
  eden space 109568K, 50% used [0x00000000d6200000,0x00000000d97b6388,0x00000000dcd00000)
  from space 11776K, 39% used [0x00000000ddb80000,0x00000000de0183f0,0x00000000de700000)
  to   space 13312K, 0% used [0x00000000dcd00000,0x00000000dcd00000,0x00000000dda00000)
 ParOldGen       total 58880K, used 36876K [0x0000000082600000, 0x0000000085f80000, 0x00000000d6200000)
  object space 58880K, 62% used [0x0000000082600000,0x0000000084a030c8,0x0000000085f80000)
 Metaspace       used 31133K, capacity 32234K, committed 32304K, reserved 1077248K
  class space    used 3572K, capacity 3841K, committed 3888K, reserved 1048576K
GC Heap History (10 events):
Event: 21.424 GC heap before
{Heap before GC invocations=9 (full 1):
 PSYoungGen      total 41984K, used 31744K [0x00000000d6200000, 0x00000000db400000, 0x0000000100000000)
  eden space 31744K, 100% used [0x00000000d6200000,0x00000000d8100000,0x00000000d8100000)
  from space 10240K, 0% used [0x00000000d8100000,0x00000000d8100000,0x00000000d8b00000)
  to   space 10240K, 0% used [0x00000000daa00000,0x00000000daa00000,0x00000000db400000)
 ParOldGen       total 58880K, used 14154K [0x0000000082600000, 0x0000000085f80000, 0x00000000d6200000)
  object space 58880K, 24% used [0x0000000082600000,0x00000000833d2850,0x0000000085f80000)
 Metaspace       used 23368K, capacity 23954K, committed 24240K, reserved 1071104K
  class space    used 2726K, capacity 2888K, committed 2992K, reserved 1048576K
Event: 21.444 GC heap after
Heap after GC invocations=9 (full 1):
 PSYoungGen      total 66560K, used 10072K [0x00000000d6200000, 0x00000000db400000, 0x0000000100000000)
  eden space 56320K, 0% used [0x00000000d6200000,0x00000000d6200000,0x00000000d9900000)
  from space 10240K, 98% used [0x00000000daa00000,0x00000000db3d6308,0x00000000db400000)
  to   space 11264K, 0% used [0x00000000d9e00000,0x00000000d9e00000,0x00000000da900000)
 ParOldGen       total 58880K, used 14162K [0x0000000082600000, 0x0000000085f80000, 0x00000000d6200000)
  object space 58880K, 24% used [0x0000000082600000,0x00000000833d4850,0x0000000085f80000)
 Metaspace       used 23368K, capacity 23954K, committed 24240K, reserved 1071104K
  class space    used 2726K, capacity 2888K, committed 2992K, reserved 1048576K
}
Event: 28.359 GC heap before
{Heap before GC invocations=10 (full 1):
 PSYoungGen      total 66560K, used 66392K [0x00000000d6200000, 0x00000000db400000, 0x0000000100000000)
  eden space 56320K, 100% used [0x00000000d6200000,0x00000000d9900000,0x00000000d9900000)
  from space 10240K, 98% used [0x00000000daa00000,0x00000000db3d6308,0x00000000db400000)
  to   space 11264K, 0% used [0x00000000d9e00000,0x00000000d9e00000,0x00000000da900000)
 ParOldGen       total 58880K, used 14162K [0x0000000082600000, 0x0000000085f80000, 0x00000000d6200000)
  object space 58880K, 24% used [0x0000000082600000,0x00000000833d4850,0x0000000085f80000)
 Metaspace       used 25462K, capacity 26126K, committed 26416K, reserved 1073152K
  class space    used 2947K, capacity 3096K, committed 3120K, reserved 1048576K
Event: 28.390 GC heap after
Heap after GC invocations=10 (full 1):
 PSYoungGen      total 72704K, used 11263K [0x00000000d6200000, 0x00000000dca00000, 0x0000000100000000)
  eden space 61440K, 0% used [0x00000000d6200000,0x00000000d6200000,0x00000000d9e00000)
  from space 11264K, 99% used [0x00000000d9e00000,0x00000000da8ffcd0,0x00000000da900000)
  to   space 12800K, 0% used [0x00000000dbd80000,0x00000000dbd80000,0x00000000dca00000)
 ParOldGen       total 58880K, used 15438K [0x0000000082600000, 0x0000000085f80000, 0x00000000d6200000)
  object space 58880K, 26% used [0x0000000082600000,0x00000000835138a0,0x0000000085f80000)
 Metaspace       used 25462K, capacity 26126K, committed 26416K, reserved 1073152K
  class space    used 2947K, capacity 3096K, committed 3120K, reserved 1048576K
}
Event: 32.077 GC heap before
{Heap before GC invocations=11 (full 1):
 PSYoungGen      total 72704K, used 72703K [0x00000000d6200000, 0x00000000dca00000, 0x0000000100000000)
  eden space 61440K, 100% used [0x00000000d6200000,0x00000000d9e00000,0x00000000d9e00000)
  from space 11264K, 99% used [0x00000000d9e00000,0x00000000da8ffcd0,0x00000000da900000)
  to   space 12800K, 0% used [0x00000000dbd80000,0x00000000dbd80000,0x00000000dca00000)
 ParOldGen       total 58880K, used 15438K [0x0000000082600000, 0x0000000085f80000, 0x00000000d6200000)
  object space 58880K, 26% used [0x0000000082600000,0x00000000835138a0,0x0000000085f80000)
 Metaspace       used 25961K, capacity 26700K, committed 26800K, reserved 1073152K
  class space    used 2982K, capacity 3156K, committed 3248K, reserved 1048576K
Event: 32.099 GC heap after
Heap after GC invocations=11 (full 1):
 PSYoungGen      total 93696K, used 6212K [0x00000000d6200000, 0x00000000dcf80000, 0x0000000100000000)
  eden space 80896K, 0% used [0x00000000d6200000,0x00000000d6200000,0x00000000db100000)
  from space 12800K, 48% used [0x00000000dbd80000,0x00000000dc391128,0x00000000dca00000)
  to   space 12800K, 0% used [0x00000000db100000,0x00000000db100000,0x00000000dbd80000)
 ParOldGen       total 58880K, used 24153K [0x0000000082600000, 0x0000000085f80000, 0x00000000d6200000)
  object space 58880K, 41% used [0x0000000082600000,0x0000000083d967b8,0x0000000085f80000)
 Metaspace       used 25961K, capacity 26700K, committed 26800K, reserved 1073152K
  class space    used 2982K, capacity 3156K, committed 3248K, reserved 1048576K
}
Event: 44.409 GC heap before
{Heap before GC invocations=12 (full 1):
 PSYoungGen      total 93696K, used 87108K [0x00000000d6200000, 0x00000000dcf80000, 0x0000000100000000)
  eden space 80896K, 100% used [0x00000000d6200000,0x00000000db100000,0x00000000db100000)
  from space 12800K, 48% used [0x00000000dbd80000,0x00000000dc391128,0x00000000dca00000)
  to   space 12800K, 0% used [0x00000000db100000,0x00000000db100000,0x00000000dbd80000)
 ParOldGen       total 58880K, used 24153K [0x0000000082600000, 0x0000000085f80000, 0x00000000d6200000)
  object space 58880K, 41% used [0x0000000082600000,0x0000000083d967b8,0x0000000085f80000)
 Metaspace       used 27838K, capacity 28630K, committed 28848K, reserved 1075200K
  class space    used 3187K, capacity 3393K, committed 3504K, reserved 1048576K
Event: 44.437 GC heap after
Heap after GC invocations=12 (full 1):
 PSYoungGen      total 93696K, used 10039K [0x00000000d6200000, 0x00000000de800000, 0x0000000100000000)
  eden space 80896K, 0% used [0x00000000d6200000,0x00000000d6200000,0x00000000db100000)
  from space 12800K, 78% used [0x00000000db100000,0x00000000dbacdfc8,0x00000000dbd80000)
  to   space 12800K, 0% used [0x00000000ddb80000,0x00000000ddb80000,0x00000000de800000)
 ParOldGen       total 58880K, used 29830K [0x0000000082600000, 0x0000000085f80000, 0x00000000d6200000)
  object space 58880K, 50% used [0x0000000082600000,0x00000000843219a8,0x0000000085f80000)
 Metaspace       used 27838K, capacity 28630K, committed 28848K, reserved 1075200K
  class space    used 3187K, capacity 3393K, committed 3504K, reserved 1048576K
}
Event: 48.955 GC heap before
{Heap before GC invocations=13 (full 1):
 PSYoungGen      total 93696K, used 90935K [0x00000000d6200000, 0x00000000de800000, 0x0000000100000000)
  eden space 80896K, 100% used [0x00000000d6200000,0x00000000db100000,0x00000000db100000)
  from space 12800K, 78% used [0x00000000db100000,0x00000000dbacdfc8,0x00000000dbd80000)
  to   space 12800K, 0% used [0x00000000ddb80000,0x00000000ddb80000,0x00000000de800000)
 ParOldGen       total 58880K, used 29830K [0x0000000082600000, 0x0000000085f80000, 0x00000000d6200000)
  object space 58880K, 50% used [0x0000000082600000,0x00000000843219a8,0x0000000085f80000)
 Metaspace       used 29278K, capacity 30222K, committed 30512K, reserved 1077248K
  class space    used 3320K, capacity 3535K, committed 3632K, reserved 1048576K
Event: 48.975 GC heap after
Heap after GC invocations=13 (full 1):
 PSYoungGen      total 121344K, used 4704K [0x00000000d6200000, 0x00000000de700000, 0x0000000100000000)
  eden space 109568K, 0% used [0x00000000d6200000,0x00000000d6200000,0x00000000dcd00000)
  from space 11776K, 39% used [0x00000000ddb80000,0x00000000de0183f0,0x00000000de700000)
  to   space 13312K, 0% used [0x00000000dcd00000,0x00000000dcd00000,0x00000000dda00000)
 ParOldGen       total 58880K, used 36876K [0x0000000082600000, 0x0000000085f80000, 0x00000000d6200000)
  object space 58880K, 62% used [0x0000000082600000,0x0000000084a030c8,0x0000000085f80000)
 Metaspace       used 29278K, capacity 30222K, committed 30512K, reserved 1077248K
  class space    used 3320K, capacity 3535K, committed 3632K, reserved 1048576K
}

